<?xml version="1.0" encoding="UTF-8"?>
<!-- Generated by org.testng.reporters.JUnitReportReporter -->
<testsuite hostname="Piyush-PC" failures="1" tests="3" name="testRunner.Run" time="23.121" errors="0" timestamp="2024-03-28T18:23:54 IST" skipped="0">
  <testcase classname="testRunner.Run" name="runScenario" time="9.794"/>
  <testcase classname="testRunner.Run" name="runScenario" time="3.946">
    <failure type="java.lang.AssertionError">
      <![CDATA[java.lang.AssertionError
at org.junit.Assert.fail(Assert.java:86)
at org.junit.Assert.assertTrue(Assert.java:41)
at org.junit.Assert.assertTrue(Assert.java:52)
at stepDefination.StepDef.page_title_shoud_be(StepDef.java:54)
at âœ½.Page Title shoud be "Dashboard / nopCommerce administration"(file:///C:/Users/user/eclipse-workspace/CucumberFramework/./Features/LoginFeature.feature:38)
]]>
    </failure>
  </testcase> <!-- runScenario -->
  <testcase classname="testRunner.Run" name="runScenario" time="9.381"/>
</testsuite> <!-- testRunner.Run -->
